<?xml version="1.0" encoding="UTF-8" ?>
<testsuite failures="0" time="0.096" errors="1" skipped="0" tests="1" name="MVCTest">
  <properties>
[...]
</properties>
  <testcase time="0.096" classname="MVCTest" name="testPage">
    <error type="java.lang.NullPointerException">java.lang.NullPointerException
	at MVCTest.testPage(MVCTest.java:48)
	at sun.reflect.NativeMethodAccessorImpl.invoke0(Native Method)
	at sun.reflect.NativeMethodAccessorImpl.invoke(NativeMethodAccessorImpl.java:57)
	at sun.reflect.DelegatingMethodAccessorImpl.invoke(DelegatingMethodAccessorImpl.java:43)
	at java.lang.reflect.Method.invoke(Method.java:606)
	at org.junit.runners.model.FrameworkMethod$1.runReflectiveCall(FrameworkMethod.java:50)
	at org.junit.internal.runners.model.ReflectiveCallable.run(ReflectiveCallable.java:12)
	at org.junit.runners.model.FrameworkMethod.invokeExplosively(FrameworkMethod.java:47)
	at org.junit.internal.runners.statements.InvokeMethod.evaluate(InvokeMethod.java:17)
	at org.junit.internal.runners.statements.RunBefores.evaluate(RunBefores.java:26)
	at org.springframework.test.context.junit4.statements.RunBeforeTestMethodCallbacks.evaluate(RunBeforeTestMethodCallbacks.java:75)
	at org.springframework.test.context.junit4.statements.RunAfterTestMethodCallbacks.evaluate(RunAfterTestMethodCallbacks.java:86)
	at org.springframework.test.context.junit4.statements.SpringRepeat.evaluate(SpringRepeat.java:84)
	at org.junit.runners.ParentRunner.runLeaf(ParentRunner.java:325)
	at org.springframework.test.context.junit4.SpringJUnit4ClassRunner.runChild(SpringJUnit4ClassRunner.java:252)
	at org.springframework.test.context.junit4.SpringJUnit4ClassRunner.runChild(SpringJUnit4ClassRunner.java:94)
	at org.junit.runners.ParentRunner$3.run(ParentRunner.java:290)
	at org.junit.runners.ParentRunner$1.schedule(ParentRunner.java:71)
	at org.junit.runners.ParentRunner.runChildren(ParentRunner.java:288)
	at org.junit.runners.ParentRunner.access$000(ParentRunner.java:58)
	at org.junit.runners.ParentRunner$2.evaluate(ParentRunner.java:268)
	at org.springframework.test.context.junit4.statements.RunBeforeTestClassCallbacks.evaluate(RunBeforeTestClassCallbacks.java:61)
	at org.springframework.test.context.junit4.statements.RunAfterTestClassCallbacks.evaluate(RunAfterTestClassCallbacks.java:70)
	at org.junit.runners.ParentRunner.run(ParentRunner.java:363)
	at org.springframework.test.context.junit4.SpringJUnit4ClassRunner.run(SpringJUnit4ClassRunner.java:191)
	at org.apache.maven.surefire.junit4.JUnit4Provider.execute(JUnit4Provider.java:252)
	at org.apache.maven.surefire.junit4.JUnit4Provider.executeTestSet(JUnit4Provider.java:141)
	at org.apache.maven.surefire.junit4.JUnit4Provider.invoke(JUnit4Provider.java:112)
	at sun.reflect.NativeMethodAccessorImpl.invoke0(Native Method)
	at sun.reflect.NativeMethodAccessorImpl.invoke(NativeMethodAccessorImpl.java:57)
	at sun.reflect.DelegatingMethodAccessorImpl.invoke(DelegatingMethodAccessorImpl.java:43)
	at java.lang.reflect.Method.invoke(Method.java:606)
	at org.apache.maven.surefire.util.ReflectionUtils.invokeMethodWithArray(ReflectionUtils.java:189)
	at org.apache.maven.surefire.booter.ProviderFactory$ProviderProxy.invoke(ProviderFactory.java:165)
	at org.apache.maven.surefire.booter.ProviderFactory.invokeProvider(ProviderFactory.java:85)
	at org.apache.maven.surefire.booter.ForkedBooter.runSuitesInProcess(ForkedBooter.java:115)
	at org.apache.maven.surefire.booter.ForkedBooter.main(ForkedBooter.java:75)
</error>
    <system-err>九月 25, 2017 9:38:48 上午 org.springframework.test.context.web.WebTestContextBootstrapper getDefaultTestExecutionListenerClassNames
信息: Loaded default TestExecutionListener class names from location [META-INF/spring.factories]: [org.springframework.test.context.web.ServletTestExecutionListener, org.springframework.test.context.support.DirtiesContextBeforeModesTestExecutionListener, org.springframework.test.context.support.DependencyInjectionTestExecutionListener, org.springframework.test.context.support.DirtiesContextTestExecutionListener, org.springframework.test.context.transaction.TransactionalTestExecutionListener, org.springframework.test.context.jdbc.SqlScriptsTestExecutionListener]
九月 25, 2017 9:38:48 上午 org.springframework.test.context.web.WebTestContextBootstrapper getTestExecutionListeners
信息: Using TestExecutionListeners: [org.springframework.test.context.web.ServletTestExecutionListener@19e6018b, org.springframework.test.context.support.DirtiesContextBeforeModesTestExecutionListener@4b6f59f5, org.springframework.test.context.support.DependencyInjectionTestExecutionListener@7b7b0a83, org.springframework.test.context.support.DirtiesContextTestExecutionListener@4aef5dca, org.springframework.test.context.transaction.TransactionalTestExecutionListener@28f69f35, org.springframework.test.context.jdbc.SqlScriptsTestExecutionListener@574e6595]
九月 25, 2017 9:38:48 上午 org.springframework.beans.factory.xml.XmlBeanDefinitionReader loadBeanDefinitions
信息: Loading XML bean definitions from class path resource [applicationContext.xml]
九月 25, 2017 9:38:48 上午 org.springframework.beans.factory.xml.XmlBeanDefinitionReader loadBeanDefinitions
信息: Loading XML bean definitions from URL [file:src/main/webapp/WEB-INF/dispatcherServlet-servlet.xml]
九月 25, 2017 9:38:48 上午 org.springframework.web.context.support.GenericWebApplicationContext prepareRefresh
信息: Refreshing org.springframework.web.context.support.GenericWebApplicationContext@41b5e3ad: startup date [Mon Sep 25 09:38:48 CST 2017]; root of context hierarchy
九月 25, 2017 9:38:49 上午 org.springframework.web.servlet.handler.SimpleUrlHandlerMapping registerHandler
信息: Mapped URL path [/**] onto handler &apos;org.springframework.web.servlet.resource.DefaultServletHttpRequestHandler#0&apos;
九月 25, 2017 9:38:49 上午 org.springframework.web.servlet.mvc.method.annotation.RequestMappingHandlerMapping register
信息: Mapped &quot;{[/getDepts]}&quot; onto public com.cm.crud.bean.Msg com.cm.crud.controller.DepartmentController.getDepts()
九月 25, 2017 9:38:49 上午 org.springframework.web.servlet.mvc.method.annotation.RequestMappingHandlerMapping register
信息: Mapped &quot;{[/emp/{empId}],methods=[PUT]}&quot; onto public com.cm.crud.bean.Msg com.cm.crud.controller.EmployeeController.saveEmp(com.cm.crud.bean.Employee,javax.servlet.http.HttpServletRequest)
九月 25, 2017 9:38:49 上午 org.springframework.web.servlet.mvc.method.annotation.RequestMappingHandlerMapping register
信息: Mapped &quot;{[/emp],methods=[POST]}&quot; onto public com.cm.crud.bean.Msg com.cm.crud.controller.EmployeeController.saveEmp(com.cm.crud.bean.Employee,org.springframework.validation.BindingResult)
九月 25, 2017 9:38:49 上午 org.springframework.web.servlet.mvc.method.annotation.RequestMappingHandlerMapping register
信息: Mapped &quot;{[/checkUser]}&quot; onto public com.cm.crud.bean.Msg com.cm.crud.controller.EmployeeController.checkUser(java.lang.String)
九月 25, 2017 9:38:49 上午 org.springframework.web.servlet.mvc.method.annotation.RequestMappingHandlerMapping register
信息: Mapped &quot;{[/emp/{id}],methods=[GET]}&quot; onto public com.cm.crud.bean.Msg com.cm.crud.controller.EmployeeController.getEmp(java.lang.Integer)
九月 25, 2017 9:38:49 上午 org.springframework.web.servlet.mvc.method.annotation.RequestMappingHandlerMapping register
信息: Mapped &quot;{[/emp/{ids}],methods=[DELETE]}&quot; onto public com.cm.crud.bean.Msg com.cm.crud.controller.EmployeeController.deleteEmp(java.lang.String)
九月 25, 2017 9:38:49 上午 org.springframework.web.servlet.mvc.method.annotation.RequestMappingHandlerMapping register
信息: Mapped &quot;{[/emp]}&quot; onto public com.cm.crud.bean.Msg com.cm.crud.controller.EmployeeController.getEmpsWithJson(java.lang.Integer)
九月 25, 2017 9:38:49 上午 org.hibernate.validator.internal.util.Version &lt;clinit&gt;
INFO: HV000001: Hibernate Validator 5.1.1.Final
九月 25, 2017 9:38:49 上午 org.springframework.web.servlet.mvc.method.annotation.RequestMappingHandlerAdapter initControllerAdviceCache
信息: Looking for @ControllerAdvice: org.springframework.web.context.support.GenericWebApplicationContext@41b5e3ad: startup date [Mon Sep 25 09:38:48 CST 2017]; root of context hierarchy
九月 25, 2017 9:38:49 上午 org.springframework.web.servlet.mvc.method.annotation.RequestMappingHandlerAdapter initControllerAdviceCache
信息: Looking for @ControllerAdvice: org.springframework.web.context.support.GenericWebApplicationContext@41b5e3ad: startup date [Mon Sep 25 09:38:48 CST 2017]; root of context hierarchy
九月 25, 2017 9:38:50 上午 org.springframework.mock.web.MockServletContext log
信息: Initializing Spring FrameworkServlet &apos;&apos;
九月 25, 2017 9:38:50 上午 org.springframework.test.web.servlet.TestDispatcherServlet initServletBean
信息: FrameworkServlet &apos;&apos;: initialization started
九月 25, 2017 9:38:50 上午 org.springframework.test.web.servlet.TestDispatcherServlet initServletBean
信息: FrameworkServlet &apos;&apos;: initialization completed in 23 ms
</system-err>
  </testcase>
</testsuite>